c:\users\olive\documents\github\fgnetworkinggameemil\build\client\vc142.pdb
c:\users\olive\documents\github\fgnetworkinggameemil\build\client\vc142.idb
c:\users\olive\documents\github\fgnetworkinggameemil\build\client\servermain.obj
c:\users\olive\documents\github\fgnetworkinggameemil\build\client\server.obj
c:\users\olive\documents\github\fgnetworkinggameemil\build\client\scoreboard.obj
c:\users\olive\documents\github\fgnetworkinggameemil\build\client\projectile.obj
c:\users\olive\documents\github\fgnetworkinggameemil\build\client\pointentity.obj
c:\users\olive\documents\github\fgnetworkinggameemil\build\client\player.obj
c:\users\olive\documents\github\fgnetworkinggameemil\build\client\network.obj
c:\users\olive\documents\github\fgnetworkinggameemil\build\client\engine.obj
c:\users\olive\documents\github\fgnetworkinggameemil\build\client\clientmain.obj
c:\users\olive\documents\github\fgnetworkinggameemil\build\client\client.obj
c:\users\olive\documents\github\fgnetworkinggameemil\build\client\binarystream.obj
c:\users\olive\documents\github\fgnetworkinggameemil\bin\game_client.exe
c:\users\olive\documents\github\fgnetworkinggameemil\bin\game_client.ilk
c:\users\olive\documents\github\fgnetworkinggameemil\bin\game_client.pdb
c:\users\olive\documents\github\fgnetworkinggameemil\build\client\tinyengine.tlog\cl.command.1.tlog
c:\users\olive\documents\github\fgnetworkinggameemil\build\client\tinyengine.tlog\cl.read.1.tlog
c:\users\olive\documents\github\fgnetworkinggameemil\build\client\tinyengine.tlog\cl.write.1.tlog
c:\users\olive\documents\github\fgnetworkinggameemil\build\client\tinyengine.tlog\link.command.1.tlog
c:\users\olive\documents\github\fgnetworkinggameemil\build\client\tinyengine.tlog\link.read.1.tlog
c:\users\olive\documents\github\fgnetworkinggameemil\build\client\tinyengine.tlog\link.write.1.tlog
